[3.207s] DEBUG:colcon:Command line arguments: ['/usr/bin/colcon', 'list', '-p', '--base-paths', '/home/factslabegmc/final_wardi_files']
[3.207s] DEBUG:colcon:Parsed command line arguments: Namespace(allow_overriding=[], base_paths=['/home/factslabegmc/final_wardi_files'], build_base='build', ignore_user_meta=False, log_base=None, log_level=None, main=<bound method ListVerb.main of <colcon_package_information.verb.list.ListVerb object at 0x7fd403028100>>, metas=['./colcon.meta'], names_only=False, packages_above=None, packages_above_and_dependencies=None, packages_above_depth=None, packages_end=None, packages_ignore=None, packages_ignore_regex=None, packages_select=None, packages_select_build_failed=False, packages_select_by_dep=None, packages_select_regex=None, packages_select_test_failures=False, packages_skip=None, packages_skip_build_finished=False, packages_skip_by_dep=None, packages_skip_regex=None, packages_skip_test_passed=False, packages_skip_up_to=None, packages_start=None, packages_up_to=None, packages_up_to_regex=None, paths=None, paths_only=True, topological_graph=False, topological_graph_density=False, topological_graph_dot=False, topological_graph_dot_cluster=False, topological_graph_dot_include_skipped=False, topological_graph_legend=False, topological_order=False, verb_extension=<colcon_package_information.verb.list.ListVerb object at 0x7fd403028100>, verb_name='list', verb_parser=<colcon_defaults.argument_parser.defaults.DefaultArgumentsDecorator object at 0x7fd403094700>)
[3.363s] Level 1:colcon.colcon_core.package_discovery:discover_packages(colcon_meta) check parameters
[3.363s] Level 1:colcon.colcon_core.package_discovery:discover_packages(recursive) check parameters
[3.363s] Level 1:colcon.colcon_core.package_discovery:discover_packages(ignore) check parameters
[3.363s] Level 1:colcon.colcon_core.package_discovery:discover_packages(path) check parameters
[3.363s] Level 1:colcon.colcon_core.package_discovery:discover_packages(recursive) discover
[3.363s] INFO:colcon.colcon_core.package_discovery:Crawling recursively for packages in '/home/factslabegmc/final_wardi_files'
[3.363s] Level 1:colcon.colcon_core.package_identification:_identify(/home/factslabegmc/final_wardi_files) by extensions ['ignore', 'ignore_ament_install']
[3.363s] Level 1:colcon.colcon_core.package_identification:_identify(/home/factslabegmc/final_wardi_files) by extension 'ignore'
[3.364s] Level 1:colcon.colcon_core.package_identification:_identify(/home/factslabegmc/final_wardi_files) by extension 'ignore_ament_install'
[3.364s] Level 1:colcon.colcon_core.package_identification:_identify(/home/factslabegmc/final_wardi_files) by extensions ['colcon_pkg']
[3.364s] Level 1:colcon.colcon_core.package_identification:_identify(/home/factslabegmc/final_wardi_files) by extension 'colcon_pkg'
[3.364s] Level 1:colcon.colcon_core.package_identification:_identify(/home/factslabegmc/final_wardi_files) by extensions ['colcon_meta']
[3.364s] Level 1:colcon.colcon_core.package_identification:_identify(/home/factslabegmc/final_wardi_files) by extension 'colcon_meta'
[3.364s] Level 1:colcon.colcon_core.package_identification:_identify(/home/factslabegmc/final_wardi_files) by extensions ['ros']
[3.364s] Level 1:colcon.colcon_core.package_identification:_identify(/home/factslabegmc/final_wardi_files) by extension 'ros'
[3.389s] Level 1:colcon.colcon_core.package_identification:_identify(/home/factslabegmc/final_wardi_files) by extensions ['cmake', 'python']
[3.389s] Level 1:colcon.colcon_core.package_identification:_identify(/home/factslabegmc/final_wardi_files) by extension 'cmake'
[3.389s] Level 1:colcon.colcon_core.package_identification:_identify(/home/factslabegmc/final_wardi_files) by extension 'python'
[3.389s] Level 1:colcon.colcon_core.package_identification:_identify(/home/factslabegmc/final_wardi_files) by extensions ['python_setup_py']
[3.389s] Level 1:colcon.colcon_core.package_identification:_identify(/home/factslabegmc/final_wardi_files) by extension 'python_setup_py'
[3.389s] Level 1:colcon.colcon_core.package_identification:_identify(/home/factslabegmc/final_wardi_files/build) by extensions ['ignore', 'ignore_ament_install']
[3.389s] Level 1:colcon.colcon_core.package_identification:_identify(/home/factslabegmc/final_wardi_files/build) by extension 'ignore'
[3.389s] Level 1:colcon.colcon_core.package_identification:_identify(/home/factslabegmc/final_wardi_files/build) ignored
[3.390s] Level 1:colcon.colcon_core.package_identification:_identify(/home/factslabegmc/final_wardi_files/holybro_mpc_c_generated_code) by extensions ['ignore', 'ignore_ament_install']
[3.390s] Level 1:colcon.colcon_core.package_identification:_identify(/home/factslabegmc/final_wardi_files/holybro_mpc_c_generated_code) by extension 'ignore'
[3.390s] Level 1:colcon.colcon_core.package_identification:_identify(/home/factslabegmc/final_wardi_files/holybro_mpc_c_generated_code) by extension 'ignore_ament_install'
[3.390s] Level 1:colcon.colcon_core.package_identification:_identify(/home/factslabegmc/final_wardi_files/holybro_mpc_c_generated_code) by extensions ['colcon_pkg']
[3.390s] Level 1:colcon.colcon_core.package_identification:_identify(/home/factslabegmc/final_wardi_files/holybro_mpc_c_generated_code) by extension 'colcon_pkg'
[3.390s] Level 1:colcon.colcon_core.package_identification:_identify(/home/factslabegmc/final_wardi_files/holybro_mpc_c_generated_code) by extensions ['colcon_meta']
[3.390s] Level 1:colcon.colcon_core.package_identification:_identify(/home/factslabegmc/final_wardi_files/holybro_mpc_c_generated_code) by extension 'colcon_meta'
[3.390s] Level 1:colcon.colcon_core.package_identification:_identify(/home/factslabegmc/final_wardi_files/holybro_mpc_c_generated_code) by extensions ['ros']
[3.390s] Level 1:colcon.colcon_core.package_identification:_identify(/home/factslabegmc/final_wardi_files/holybro_mpc_c_generated_code) by extension 'ros'
[3.390s] Level 1:colcon.colcon_core.package_identification:_identify(/home/factslabegmc/final_wardi_files/holybro_mpc_c_generated_code) by extensions ['cmake', 'python']
[3.390s] Level 1:colcon.colcon_core.package_identification:_identify(/home/factslabegmc/final_wardi_files/holybro_mpc_c_generated_code) by extension 'cmake'
[3.390s] Level 1:colcon.colcon_core.package_identification:_identify(/home/factslabegmc/final_wardi_files/holybro_mpc_c_generated_code) by extension 'python'
[3.390s] Level 1:colcon.colcon_core.package_identification:_identify(/home/factslabegmc/final_wardi_files/holybro_mpc_c_generated_code) by extensions ['python_setup_py']
[3.390s] Level 1:colcon.colcon_core.package_identification:_identify(/home/factslabegmc/final_wardi_files/holybro_mpc_c_generated_code) by extension 'python_setup_py'
[3.390s] Level 1:colcon.colcon_core.package_identification:_identify(/home/factslabegmc/final_wardi_files/holybro_mpc_c_generated_code/holybro_model) by extensions ['ignore', 'ignore_ament_install']
[3.390s] Level 1:colcon.colcon_core.package_identification:_identify(/home/factslabegmc/final_wardi_files/holybro_mpc_c_generated_code/holybro_model) by extension 'ignore'
[3.390s] Level 1:colcon.colcon_core.package_identification:_identify(/home/factslabegmc/final_wardi_files/holybro_mpc_c_generated_code/holybro_model) by extension 'ignore_ament_install'
[3.390s] Level 1:colcon.colcon_core.package_identification:_identify(/home/factslabegmc/final_wardi_files/holybro_mpc_c_generated_code/holybro_model) by extensions ['colcon_pkg']
[3.390s] Level 1:colcon.colcon_core.package_identification:_identify(/home/factslabegmc/final_wardi_files/holybro_mpc_c_generated_code/holybro_model) by extension 'colcon_pkg'
[3.391s] Level 1:colcon.colcon_core.package_identification:_identify(/home/factslabegmc/final_wardi_files/holybro_mpc_c_generated_code/holybro_model) by extensions ['colcon_meta']
[3.391s] Level 1:colcon.colcon_core.package_identification:_identify(/home/factslabegmc/final_wardi_files/holybro_mpc_c_generated_code/holybro_model) by extension 'colcon_meta'
[3.391s] Level 1:colcon.colcon_core.package_identification:_identify(/home/factslabegmc/final_wardi_files/holybro_mpc_c_generated_code/holybro_model) by extensions ['ros']
[3.391s] Level 1:colcon.colcon_core.package_identification:_identify(/home/factslabegmc/final_wardi_files/holybro_mpc_c_generated_code/holybro_model) by extension 'ros'
[3.391s] Level 1:colcon.colcon_core.package_identification:_identify(/home/factslabegmc/final_wardi_files/holybro_mpc_c_generated_code/holybro_model) by extensions ['cmake', 'python']
[3.391s] Level 1:colcon.colcon_core.package_identification:_identify(/home/factslabegmc/final_wardi_files/holybro_mpc_c_generated_code/holybro_model) by extension 'cmake'
[3.391s] Level 1:colcon.colcon_core.package_identification:_identify(/home/factslabegmc/final_wardi_files/holybro_mpc_c_generated_code/holybro_model) by extension 'python'
[3.391s] Level 1:colcon.colcon_core.package_identification:_identify(/home/factslabegmc/final_wardi_files/holybro_mpc_c_generated_code/holybro_model) by extensions ['python_setup_py']
[3.391s] Level 1:colcon.colcon_core.package_identification:_identify(/home/factslabegmc/final_wardi_files/holybro_mpc_c_generated_code/holybro_model) by extension 'python_setup_py'
[3.391s] Level 1:colcon.colcon_core.package_identification:_identify(/home/factslabegmc/final_wardi_files/install) by extensions ['ignore', 'ignore_ament_install']
[3.391s] Level 1:colcon.colcon_core.package_identification:_identify(/home/factslabegmc/final_wardi_files/install) by extension 'ignore'
[3.391s] Level 1:colcon.colcon_core.package_identification:_identify(/home/factslabegmc/final_wardi_files/install) ignored
[3.391s] Level 1:colcon.colcon_core.package_identification:_identify(/home/factslabegmc/final_wardi_files/log) by extensions ['ignore', 'ignore_ament_install']
[3.391s] Level 1:colcon.colcon_core.package_identification:_identify(/home/factslabegmc/final_wardi_files/log) by extension 'ignore'
[3.391s] Level 1:colcon.colcon_core.package_identification:_identify(/home/factslabegmc/final_wardi_files/log) ignored
[3.391s] Level 1:colcon.colcon_core.package_identification:_identify(/home/factslabegmc/final_wardi_files/src) by extensions ['ignore', 'ignore_ament_install']
[3.391s] Level 1:colcon.colcon_core.package_identification:_identify(/home/factslabegmc/final_wardi_files/src) by extension 'ignore'
[3.391s] Level 1:colcon.colcon_core.package_identification:_identify(/home/factslabegmc/final_wardi_files/src) by extension 'ignore_ament_install'
[3.392s] Level 1:colcon.colcon_core.package_identification:_identify(/home/factslabegmc/final_wardi_files/src) by extensions ['colcon_pkg']
[3.392s] Level 1:colcon.colcon_core.package_identification:_identify(/home/factslabegmc/final_wardi_files/src) by extension 'colcon_pkg'
[3.392s] Level 1:colcon.colcon_core.package_identification:_identify(/home/factslabegmc/final_wardi_files/src) by extensions ['colcon_meta']
[3.392s] Level 1:colcon.colcon_core.package_identification:_identify(/home/factslabegmc/final_wardi_files/src) by extension 'colcon_meta'
[3.392s] Level 1:colcon.colcon_core.package_identification:_identify(/home/factslabegmc/final_wardi_files/src) by extensions ['ros']
[3.392s] Level 1:colcon.colcon_core.package_identification:_identify(/home/factslabegmc/final_wardi_files/src) by extension 'ros'
[3.392s] Level 1:colcon.colcon_core.package_identification:_identify(/home/factslabegmc/final_wardi_files/src) by extensions ['cmake', 'python']
[3.392s] Level 1:colcon.colcon_core.package_identification:_identify(/home/factslabegmc/final_wardi_files/src) by extension 'cmake'
[3.392s] Level 1:colcon.colcon_core.package_identification:_identify(/home/factslabegmc/final_wardi_files/src) by extension 'python'
[3.392s] Level 1:colcon.colcon_core.package_identification:_identify(/home/factslabegmc/final_wardi_files/src) by extensions ['python_setup_py']
[3.392s] Level 1:colcon.colcon_core.package_identification:_identify(/home/factslabegmc/final_wardi_files/src) by extension 'python_setup_py'
[3.392s] Level 1:colcon.colcon_core.package_identification:_identify(/home/factslabegmc/final_wardi_files/src/px4_msgs) by extensions ['ignore', 'ignore_ament_install']
[3.392s] Level 1:colcon.colcon_core.package_identification:_identify(/home/factslabegmc/final_wardi_files/src/px4_msgs) by extension 'ignore'
[3.392s] Level 1:colcon.colcon_core.package_identification:_identify(/home/factslabegmc/final_wardi_files/src/px4_msgs) by extension 'ignore_ament_install'
[3.392s] Level 1:colcon.colcon_core.package_identification:_identify(/home/factslabegmc/final_wardi_files/src/px4_msgs) by extensions ['colcon_pkg']
[3.392s] Level 1:colcon.colcon_core.package_identification:_identify(/home/factslabegmc/final_wardi_files/src/px4_msgs) by extension 'colcon_pkg'
[3.392s] Level 1:colcon.colcon_core.package_identification:_identify(/home/factslabegmc/final_wardi_files/src/px4_msgs) by extensions ['colcon_meta']
[3.392s] Level 1:colcon.colcon_core.package_identification:_identify(/home/factslabegmc/final_wardi_files/src/px4_msgs) by extension 'colcon_meta'
[3.392s] Level 1:colcon.colcon_core.package_identification:_identify(/home/factslabegmc/final_wardi_files/src/px4_msgs) by extensions ['ros']
[3.392s] Level 1:colcon.colcon_core.package_identification:_identify(/home/factslabegmc/final_wardi_files/src/px4_msgs) by extension 'ros'
[3.395s] DEBUG:colcon.colcon_core.package_identification:Package '/home/factslabegmc/final_wardi_files/src/px4_msgs' with type 'ros.ament_cmake' and name 'px4_msgs'
[3.395s] Level 1:colcon.colcon_core.package_identification:_identify(/home/factslabegmc/final_wardi_files/src/quad_mpc) by extensions ['ignore', 'ignore_ament_install']
[3.396s] Level 1:colcon.colcon_core.package_identification:_identify(/home/factslabegmc/final_wardi_files/src/quad_mpc) by extension 'ignore'
[3.396s] Level 1:colcon.colcon_core.package_identification:_identify(/home/factslabegmc/final_wardi_files/src/quad_mpc) by extension 'ignore_ament_install'
[3.396s] Level 1:colcon.colcon_core.package_identification:_identify(/home/factslabegmc/final_wardi_files/src/quad_mpc) by extensions ['colcon_pkg']
[3.396s] Level 1:colcon.colcon_core.package_identification:_identify(/home/factslabegmc/final_wardi_files/src/quad_mpc) by extension 'colcon_pkg'
[3.396s] Level 1:colcon.colcon_core.package_identification:_identify(/home/factslabegmc/final_wardi_files/src/quad_mpc) by extensions ['colcon_meta']
[3.396s] Level 1:colcon.colcon_core.package_identification:_identify(/home/factslabegmc/final_wardi_files/src/quad_mpc) by extension 'colcon_meta'
[3.396s] Level 1:colcon.colcon_core.package_identification:_identify(/home/factslabegmc/final_wardi_files/src/quad_mpc) by extensions ['ros']
[3.396s] Level 1:colcon.colcon_core.package_identification:_identify(/home/factslabegmc/final_wardi_files/src/quad_mpc) by extension 'ros'
[3.397s] DEBUG:colcon.colcon_core.package_identification:Package '/home/factslabegmc/final_wardi_files/src/quad_mpc' with type 'ros.ament_python' and name 'quad_mpc'
[3.397s] Level 1:colcon.colcon_core.package_identification:_identify(/home/factslabegmc/final_wardi_files/src/quad_newton_raphson) by extensions ['ignore', 'ignore_ament_install']
[3.397s] Level 1:colcon.colcon_core.package_identification:_identify(/home/factslabegmc/final_wardi_files/src/quad_newton_raphson) by extension 'ignore'
[3.397s] Level 1:colcon.colcon_core.package_identification:_identify(/home/factslabegmc/final_wardi_files/src/quad_newton_raphson) by extension 'ignore_ament_install'
[3.397s] Level 1:colcon.colcon_core.package_identification:_identify(/home/factslabegmc/final_wardi_files/src/quad_newton_raphson) by extensions ['colcon_pkg']
[3.397s] Level 1:colcon.colcon_core.package_identification:_identify(/home/factslabegmc/final_wardi_files/src/quad_newton_raphson) by extension 'colcon_pkg'
[3.397s] Level 1:colcon.colcon_core.package_identification:_identify(/home/factslabegmc/final_wardi_files/src/quad_newton_raphson) by extensions ['colcon_meta']
[3.397s] Level 1:colcon.colcon_core.package_identification:_identify(/home/factslabegmc/final_wardi_files/src/quad_newton_raphson) by extension 'colcon_meta'
[3.397s] Level 1:colcon.colcon_core.package_identification:_identify(/home/factslabegmc/final_wardi_files/src/quad_newton_raphson) by extensions ['ros']
[3.397s] Level 1:colcon.colcon_core.package_identification:_identify(/home/factslabegmc/final_wardi_files/src/quad_newton_raphson) by extension 'ros'
[3.398s] DEBUG:colcon.colcon_core.package_identification:Package '/home/factslabegmc/final_wardi_files/src/quad_newton_raphson' with type 'ros.ament_python' and name 'quad_newton_raphson'
[3.399s] Level 1:colcon.colcon_core.package_discovery:discover_packages(recursive) using defaults
